Build started 8/5/2015 12:27:08 AM.
     1>Project "C:\Users\Keith\Documents\Visual Studio 2015\Projects\RogueLikeBox\RogueLikeWindows.vcxproj" on node 2 (Build target(s)).
     1>ClCompile:
         C:\Program Files (x86)\Microsoft Visual Studio 12.0\VC\bin\x86_amd64\CL.exe /c /I..\Box2D\v2.3.1\Box2D\ /I"..\SFML\SFML-2.3.1\include" /Zi /nologo /W3 /WX- /sdl /O2 /Oi /GL /D _CRT_SECURE_NO_WARNINGS /D NDEBUG /D SFML_STATIC /D _MBCS /D _MBCS /Gm- /EHsc /MD /GS /Gy /fp:precise /Zc:wchar_t /Zc:forScope /Fo"x64\Release\\" /Fd"x64\Release\vc120.pdb" /Gd /TP /errorReport:prompt DungeonComponent.cpp
         DungeonComponent.cpp
     1>DungeonComponent.cpp(56): warning C4244: '=' : conversion from 'double' to 'int', possible loss of data
     1>DungeonComponent.cpp(96): warning C4244: 'argument' : conversion from 'const int' to 'float', possible loss of data
     1>DungeonComponent.cpp(108): warning C4244: 'argument' : conversion from 'int' to 'float', possible loss of data
     1>DungeonComponent.cpp(135): warning C4244: 'argument' : conversion from 'float' to 'int', possible loss of data
     1>DungeonComponent.cpp(138): warning C4244: 'argument' : conversion from 'double' to 'float', possible loss of data
     1>DungeonComponent.cpp(201): warning C4244: 'argument' : conversion from 'double' to 'float', possible loss of data
     1>DungeonComponent.cpp(222): warning C4267: 'argument' : conversion from 'size_t' to 'int', possible loss of data
     1>c:\users\keith\documents\visual studio 2015\projects\roguelikebox\VectorMath.h(69): warning C4244: 'argument' : conversion from 'double' to 'float', possible loss of data
                 DungeonComponent.cpp(191) : see reference to function template instantiation 'T VectorMath::Normalize<sf::Vector2f>(const T &)' being compiled
                 with
                 [
                     T=sf::Vector2f
                 ]
       Link:
         C:\Program Files (x86)\Microsoft Visual Studio 12.0\VC\bin\x86_amd64\link.exe /ERRORREPORT:PROMPT /OUT:"C:\Users\Keith\Documents\Visual Studio 2015\Projects\RogueLikeBox\x64\Release\RogueLikeWindows.exe" /NOLOGO /LIBPATH:"../SFML/SFML-2.3.1/lib" /LIBPATH:../Box2D\v2.3.1\Box2D\Build\vs2013\bin\x64\Release Box2D.lib opengl32.lib winmm.lib ws2_32.lib openal32.lib jpeg.lib freetype.lib "sfml-audio-s.lib" "sfml-graphics-s.lib" "sfml-main.lib" "sfml-network-s.lib" "sfml-system-s.lib" "sfml-window-s.lib" kernel32.lib user32.lib gdi32.lib winspool.lib comdlg32.lib advapi32.lib shell32.lib ole32.lib oleaut32.lib uuid.lib odbc32.lib odbccp32.lib /MANIFEST /MANIFESTUAC:"level='asInvoker' uiAccess='false'" /manifest:embed /DEBUG /PDB:"C:\Users\Keith\Documents\Visual Studio 2015\Projects\RogueLikeBox\x64\Release\RogueLikeWindows.pdb" /OPT:REF /OPT:ICF /LTCG /TLBID:1 /DYNAMICBASE /NXCOMPAT /IMPLIB:"C:\Users\Keith\Documents\Visual Studio 2015\Projects\RogueLikeBox\x64\Release\RogueLikeWindows.lib" /MACHINE:X64 x64\Release\Box2DComponent.obj
         x64\Release\Box2DSystem.obj
         x64\Release\ComponentPool.obj
         x64\Release\Components.obj
         x64\Release\Delaunay.obj
         x64\Release\DungeonComponent.obj
         x64\Release\DungeonSystem.obj
         x64\Release\Entity.obj
         x64\Release\Game.obj
         x64\Release\main.obj
         x64\Release\RenderingSystem.obj
         x64\Release\System.obj
         x64\Release\VectorMath.obj
         Generating code
         Finished generating code
         RogueLikeWindows.vcxproj -> C:\Users\Keith\Documents\Visual Studio 2015\Projects\RogueLikeBox\x64\Release\RogueLikeWindows.exe
     1>Done Building Project "C:\Users\Keith\Documents\Visual Studio 2015\Projects\RogueLikeBox\RogueLikeWindows.vcxproj" (Build target(s)).

Build succeeded.

Time Elapsed 00:00:03.00
