c:\users\keith\documents\visual studio 2015\projects\roguelikebox\x64\release\vc120.pdb
c:\users\keith\documents\visual studio 2015\projects\roguelikebox\x64\release\vectormath.obj
c:\users\keith\documents\visual studio 2015\projects\roguelikebox\x64\release\system.obj
c:\users\keith\documents\visual studio 2015\projects\roguelikebox\x64\release\renderingsystem.obj
c:\users\keith\documents\visual studio 2015\projects\roguelikebox\x64\release\main.obj
c:\users\keith\documents\visual studio 2015\projects\roguelikebox\x64\release\game.obj
c:\users\keith\documents\visual studio 2015\projects\roguelikebox\x64\release\entity.obj
c:\users\keith\documents\visual studio 2015\projects\roguelikebox\x64\release\dungeonsystem.obj
c:\users\keith\documents\visual studio 2015\projects\roguelikebox\x64\release\dungeoncomponent.obj
c:\users\keith\documents\visual studio 2015\projects\roguelikebox\x64\release\delaunay.obj
c:\users\keith\documents\visual studio 2015\projects\roguelikebox\x64\release\components.obj
c:\users\keith\documents\visual studio 2015\projects\roguelikebox\x64\release\componentpool.obj
c:\users\keith\documents\visual studio 2015\projects\roguelikebox\x64\release\box2dsystem.obj
c:\users\keith\documents\visual studio 2015\projects\roguelikebox\x64\release\box2dcomponent.obj
c:\users\keith\documents\visual studio 2015\projects\roguelikebox\x64\release\roguelikewindows.exe
c:\users\keith\documents\visual studio 2015\projects\roguelikebox\x64\release\roguelikewindows.pdb
c:\users\keith\documents\visual studio 2015\projects\roguelikebox\x64\release\roguelikewindows.tlog\cl.command.1.tlog
c:\users\keith\documents\visual studio 2015\projects\roguelikebox\x64\release\roguelikewindows.tlog\cl.read.1.tlog
c:\users\keith\documents\visual studio 2015\projects\roguelikebox\x64\release\roguelikewindows.tlog\cl.write.1.tlog
c:\users\keith\documents\visual studio 2015\projects\roguelikebox\x64\release\roguelikewindows.tlog\link.command.1.tlog
c:\users\keith\documents\visual studio 2015\projects\roguelikebox\x64\release\roguelikewindows.tlog\link.read.1.tlog
c:\users\keith\documents\visual studio 2015\projects\roguelikebox\x64\release\roguelikewindows.tlog\link.write.1.tlog
