c:\users\keith\documents\visual studio 2015\projects\roguelikebox\x64\debug\vc140.pdb
c:\users\keith\documents\visual studio 2015\projects\roguelikebox\x64\debug\vc140.idb
c:\users\keith\documents\visual studio 2015\projects\roguelikebox\x64\debug\box2dcomponent.obj
c:\users\keith\documents\visual studio 2015\projects\roguelikebox\x64\debug\box2dsystem.obj
c:\users\keith\documents\visual studio 2015\projects\roguelikebox\x64\debug\componentpool.obj
c:\users\keith\documents\visual studio 2015\projects\roguelikebox\x64\debug\components.obj
c:\users\keith\documents\visual studio 2015\projects\roguelikebox\x64\debug\delaunay.obj
c:\users\keith\documents\visual studio 2015\projects\roguelikebox\x64\debug\dungeoncomponent.obj
c:\users\keith\documents\visual studio 2015\projects\roguelikebox\x64\debug\dungeonsystem.obj
c:\users\keith\documents\visual studio 2015\projects\roguelikebox\x64\debug\entity.obj
c:\users\keith\documents\visual studio 2015\projects\roguelikebox\x64\debug\game.obj
c:\users\keith\documents\visual studio 2015\projects\roguelikebox\x64\debug\main.obj
c:\users\keith\documents\visual studio 2015\projects\roguelikebox\x64\debug\renderingsystem.obj
c:\users\keith\documents\visual studio 2015\projects\roguelikebox\x64\debug\system.obj
c:\users\keith\documents\visual studio 2015\projects\roguelikebox\x64\debug\vectormath.obj
c:\users\keith\documents\visual studio 2015\projects\roguelikebox\x64\debug\roguelikewindows.pdb
c:\users\keith\documents\visual studio 2015\projects\roguelikebox\x64\debug\roguelikewindows.tlog\cl.command.1.tlog
c:\users\keith\documents\visual studio 2015\projects\roguelikebox\x64\debug\roguelikewindows.tlog\cl.read.1.tlog
c:\users\keith\documents\visual studio 2015\projects\roguelikebox\x64\debug\roguelikewindows.tlog\cl.write.1.tlog
c:\users\keith\documents\visual studio 2015\projects\roguelikebox\x64\debug\roguelikewindows.tlog\link-cvtres.read.1.tlog
c:\users\keith\documents\visual studio 2015\projects\roguelikebox\x64\debug\roguelikewindows.tlog\link-cvtres.write.1.tlog
c:\users\keith\documents\visual studio 2015\projects\roguelikebox\x64\debug\roguelikewindows.tlog\link-rc.read.1.tlog
c:\users\keith\documents\visual studio 2015\projects\roguelikebox\x64\debug\roguelikewindows.tlog\link-rc.write.1.tlog
c:\users\keith\documents\visual studio 2015\projects\roguelikebox\x64\debug\roguelikewindows.tlog\link.command.1.tlog
c:\users\keith\documents\visual studio 2015\projects\roguelikebox\x64\debug\roguelikewindows.tlog\link.read.1.tlog
c:\users\keith\documents\visual studio 2015\projects\roguelikebox\x64\debug\roguelikewindows.tlog\link.write.1.tlog
